<?xml version="1.0" encoding="UTF-8"?>
<testsuite xmlns:xsi="http://www.w3.org/2001/XMLSchema-instance" xsi:noNamespaceSchemaLocation="https://maven.apache.org/surefire/maven-surefire-plugin/xsd/surefire-test-report.xsd" name="RegistrationPageTest" time="34.542" tests="3" errors="0" skipped="0" failures="0">
  <properties>
[...]
</properties>
  <testcase name="registerUser" classname="RegistrationPageTest" time="6.864"/>
  <testcase name="randomClick" classname="RegistrationPageTest" time="5.008"/>
  <testcase name="twitterButtonUrl" classname="RegistrationPageTest" time="5.846"/>
</testsuite>